<?xml version="1.0" encoding="UTF-8"?>
<!-- Generated by org.testng.reporters.JUnitReportReporter -->
<testsuite hostname="DESKTOP-HDPLE11" failures="0" tests="1" name="com.ebank.testcase.TC_LoginTest_01" time="5.949" errors="0" timestamp="2023-12-13T21:04:22 IST" skipped="0">
  <testcase classname="com.ebank.testcase.TC_LoginTest_01" name="loginTest" time="5.949"/>
  <system-out/>
</testsuite> <!-- com.ebank.testcase.TC_LoginTest_01 -->
